[1220/184805.239:ERROR:process_reader_win.cc(242)] ReadMemory at 0x21ad4de2c00 of 72 bytes failed: 仅完成部分的 ReadProcessMemory 或 WriteProcessMemory 请求。 (0x12B)
[1220/184805.242:WARNING:pe_image_annotations_reader.cc(133)] could not read annotations list object in C:\Program Files (x86)\Google\Chrome\Application\66.0.3359.139\chrome_child.dll
[1220/184805.242:ERROR:process_reader_win.cc(242)] ReadMemory at 0x7ff94c000000 of 64 bytes failed: 仅完成部分的 ReadProcessMemory 或 WriteProcessMemory 请求。 (0x12B)
[1220/184805.243:WARNING:pe_image_reader.cc(302)] could not read dos header from C:\WINDOWS\WinSxS\amd64_microsoft.windows.common-controls_6595b64144ccf1df_6.0.17134.345_none_fb429a5930656358\COMCTL32.dll
[1220/184805.243:ERROR:process_reader_win.cc(242)] ReadMemory at 0x7ff94c000000 of 64 bytes failed: 仅完成部分的 ReadProcessMemory 或 WriteProcessMemory 请求。 (0x12B)
[1220/184805.243:WARNING:pe_image_reader.cc(302)] could not read dos header from C:\WINDOWS\WinSxS\amd64_microsoft.windows.common-controls_6595b64144ccf1df_6.0.17134.345_none_fb429a5930656358\COMCTL32.dll
[1220/184805.243:ERROR:process_reader_win.cc(242)] ReadMemory at 0x7ff94f380000 of 64 bytes failed: 仅完成部分的 ReadProcessMemory 或 WriteProcessMemory 请求。 (0x12B)
[1220/184805.243:WARNING:pe_image_reader.cc(302)] could not read dos header from C:\WINDOWS\SYSTEM32\Secur32.dll
[1220/184805.243:ERROR:process_reader_win.cc(242)] ReadMemory at 0x7ff94f380000 of 64 bytes failed: 仅完成部分的 ReadProcessMemory 或 WriteProcessMemory 请求。 (0x12B)
[1220/184805.243:WARNING:pe_image_reader.cc(302)] could not read dos header from C:\WINDOWS\SYSTEM32\Secur32.dll
[1220/184805.243:ERROR:process_reader_win.cc(242)] ReadMemory at 0x7ff94ef90000 of 64 bytes failed: 仅完成部分的 ReadProcessMemory 或 WriteProcessMemory 请求。 (0x12B)
[1220/184805.243:WARNING:pe_image_reader.cc(302)] could not read dos header from C:\WINDOWS\SYSTEM32\dbghelp.dll
[1220/184805.243:ERROR:process_reader_win.cc(242)] ReadMemory at 0x7ff94ef90000 of 64 bytes failed: 仅完成部分的 ReadProcessMemory 或 WriteProcessMemory 请求。 (0x12B)
[1220/184805.243:WARNING:pe_image_reader.cc(302)] could not read dos header from C:\WINDOWS\SYSTEM32\dbghelp.dll
[1220/184805.243:ERROR:process_reader_win.cc(242)] ReadMemory at 0x7ff956610000 of 64 bytes failed: 仅完成部分的 ReadProcessMemory 或 WriteProcessMemory 请求。 (0x12B)
[1220/184805.243:WARNING:pe_image_reader.cc(302)] could not read dos header from C:\WINDOWS\SYSTEM32\USP10.dll
[1220/184805.243:ERROR:process_reader_win.cc(242)] ReadMemory at 0x7ff956610000 of 64 bytes failed: 仅完成部分的 ReadProcessMemory 或 WriteProcessMemory 请求。 (0x12B)
[1220/184805.243:WARNING:pe_image_reader.cc(302)] could not read dos header from C:\WINDOWS\SYSTEM32\USP10.dll
[1220/184805.243:ERROR:process_reader_win.cc(242)] ReadMemory at 0x7ff956490000 of 64 bytes failed: 仅完成部分的 ReadProcessMemory 或 WriteProcessMemory 请求。 (0x12B)
[1220/184805.243:WARNING:pe_image_reader.cc(302)] could not read dos header from C:\WINDOWS\SYSTEM32\WINSPOOL.DRV
[1220/184805.243:ERROR:process_reader_win.cc(242)] ReadMemory at 0x7ff956490000 of 64 bytes failed: 仅完成部分的 ReadProcessMemory 或 WriteProcessMemory 请求。 (0x12B)
[1220/184805.243:WARNING:pe_image_reader.cc(302)] could not read dos header from C:\WINDOWS\SYSTEM32\WINSPOOL.DRV
[1220/184805.243:ERROR:process_reader_win.cc(242)] ReadMemory at 0x7ff95e8d0000 of 64 bytes failed: 仅完成部分的 ReadProcessMemory 或 WriteProcessMemory 请求。 (0x12B)
[1220/184805.243:WARNING:pe_image_reader.cc(302)] could not read dos header from C:\WINDOWS\SYSTEM32\IPHLPAPI.DLL
[1220/184805.243:ERROR:process_reader_win.cc(242)] ReadMemory at 0x7ff95e8d0000 of 64 bytes failed: 仅完成部分的 ReadProcessMemory 或 WriteProcessMemory 请求。 (0x12B)
[1220/184805.243:WARNING:pe_image_reader.cc(302)] could not read dos header from C:\WINDOWS\SYSTEM32\IPHLPAPI.DLL
[1220/184805.244:ERROR:process_reader_win.cc(242)] ReadMemory at 0x7ff953950000 of 64 bytes failed: 仅完成部分的 ReadProcessMemory 或 WriteProcessMemory 请求。 (0x12B)
[1220/184805.244:WARNING:pe_image_reader.cc(302)] could not read dos header from C:\WINDOWS\SYSTEM32\urlmon.dll
[1220/184805.244:ERROR:process_reader_win.cc(242)] ReadMemory at 0x7ff953950000 of 64 bytes failed: 仅完成部分的 ReadProcessMemory 或 WriteProcessMemory 请求。 (0x12B)
[1220/184805.244:WARNING:pe_image_reader.cc(302)] could not read dos header from C:\WINDOWS\SYSTEM32\urlmon.dll
[1220/184805.244:ERROR:process_reader_win.cc(242)] ReadMemory at 0x7ff953630000 of 64 bytes failed: 仅完成部分的 ReadProcessMemory 或 WriteProcessMemory 请求。 (0x12B)
[1220/184805.244:WARNING:pe_image_reader.cc(302)] could not read dos header from C:\WINDOWS\SYSTEM32\DWrite.dll
[1220/184805.244:ERROR:process_reader_win.cc(242)] ReadMemory at 0x7ff953630000 of 64 bytes failed: 仅完成部分的 ReadProcessMemory 或 WriteProcessMemory 请求。 (0x12B)
[1220/184805.244:WARNING:pe_image_reader.cc(302)] could not read dos header from C:\WINDOWS\SYSTEM32\DWrite.dll
[1220/184805.244:ERROR:process_reader_win.cc(242)] ReadMemory at 0x7ff95e0f0000 of 64 bytes failed: 仅完成部分的 ReadProcessMemory 或 WriteProcessMemory 请求。 (0x12B)
[1220/184805.244:WARNING:pe_image_reader.cc(302)] could not read dos header from C:\WINDOWS\SYSTEM32\dxgi.dll
[1220/184805.244:ERROR:process_reader_win.cc(242)] ReadMemory at 0x7ff95e0f0000 of 64 bytes failed: 仅完成部分的 ReadProcessMemory 或 WriteProcessMemory 请求。 (0x12B)
[1220/184805.244:WARNING:pe_image_reader.cc(302)] could not read dos header from C:\WINDOWS\SYSTEM32\dxgi.dll
[1220/184805.244:ERROR:process_reader_win.cc(242)] ReadMemory at 0x7ff956540000 of 64 bytes failed: 仅完成部分的 ReadProcessMemory 或 WriteProcessMemory 请求。 (0x12B)
[1220/184805.244:WARNING:pe_image_reader.cc(302)] could not read dos header from C:\WINDOWS\SYSTEM32\dhcpcsvc.DLL
[1220/184805.244:ERROR:process_reader_win.cc(242)] ReadMemory at 0x7ff956540000 of 64 bytes failed: 仅完成部分的 ReadProcessMemory 或 WriteProcessMemory 请求。 (0x12B)
[1220/184805.244:WARNING:pe_image_reader.cc(302)] could not read dos header from C:\WINDOWS\SYSTEM32\dhcpcsvc.DLL
[1220/184805.244:ERROR:process_reader_win.cc(242)] ReadMemory at 0x7ff960650000 of 64 bytes failed: 仅完成部分的 ReadProcessMemory 或 WriteProcessMemory 请求。 (0x12B)
[1220/184805.244:WARNING:pe_image_reader.cc(302)] could not read dos header from C:\WINDOWS\System32\NSI.dll
[1220/184805.244:ERROR:process_reader_win.cc(242)] ReadMemory at 0x7ff960650000 of 64 bytes failed: 仅完成部分的 ReadProcessMemory 或 WriteProcessMemory 请求。 (0x12B)
[1220/184805.244:WARNING:pe_image_reader.cc(302)] could not read dos header from C:\WINDOWS\System32\NSI.dll
[1220/184805.244:ERROR:process_reader_win.cc(242)] ReadMemory at 0x7ff95be00000 of 64 bytes failed: 仅完成部分的 ReadProcessMemory 或 WriteProcessMemory 请求。 (0x12B)
[1220/184805.244:WARNING:pe_image_reader.cc(302)] could not read dos header from C:\WINDOWS\SYSTEM32\PROPSYS.dll
[1220/184805.244:ERROR:process_reader_win.cc(242)] ReadMemory at 0x7ff95be00000 of 64 bytes failed: 仅完成部分的 ReadProcessMemory 或 WriteProcessMemory 请求。 (0x12B)
[1220/184805.244:WARNING:pe_image_reader.cc(302)] could not read dos header from C:\WINDOWS\SYSTEM32\PROPSYS.dll
[1220/184805.244:ERROR:process_reader_win.cc(242)] ReadMemory at 0x7ff95ee30000 of 64 bytes failed: 仅完成部分的 ReadProcessMemory 或 WriteProcessMemory 请求。 (0x12B)
[1220/184805.244:WARNING:pe_image_reader.cc(302)] could not read dos header from C:\WINDOWS\SYSTEM32\bcrypt.dll
[1220/184805.244:ERROR:process_reader_win.cc(242)] ReadMemory at 0x7ff95ee30000 of 64 bytes failed: 仅完成部分的 ReadProcessMemory 或 WriteProcessMemory 请求。 (0x12B)
[1220/184805.244:WARNING:pe_image_reader.cc(302)] could not read dos header from C:\WINDOWS\SYSTEM32\bcrypt.dll
[1220/184805.244:ERROR:process_reader_win.cc(242)] ReadMemory at 0x7ff953fd0000 of 64 bytes failed: 仅完成部分的 ReadProcessMemory 或 WriteProcessMemory 请求。 (0x12B)
[1220/184805.244:WARNING:pe_image_reader.cc(302)] could not read dos header from C:\WINDOWS\SYSTEM32\iertutil.dll
[1220/184805.244:ERROR:process_reader_win.cc(242)] ReadMemory at 0x7ff953fd0000 of 64 bytes failed: 仅完成部分的 ReadProcessMemory 或 WriteProcessMemory 请求。 (0x12B)
[1220/184805.244:WARNING:pe_image_reader.cc(302)] could not read dos header from C:\WINDOWS\SYSTEM32\iertutil.dll
[1220/184805.244:ERROR:process_reader_win.cc(242)] ReadMemory at 0x7ff95f250000 of 64 bytes failed: 仅完成部分的 ReadProcessMemory 或 WriteProcessMemory 请求。 (0x12B)
[1220/184805.244:WARNING:pe_image_reader.cc(302)] could not read dos header from C:\WINDOWS\SYSTEM32\SSPICLI.DLL
[1220/184805.244:ERROR:process_reader_win.cc(242)] ReadMemory at 0x7ff95f250000 of 64 bytes failed: 仅完成部分的 ReadProcessMemory 或 WriteProcessMemory 请求。 (0x12B)
[1220/184805.244:WARNING:pe_image_reader.cc(302)] could not read dos header from C:\WINDOWS\SYSTEM32\SSPICLI.DLL
[1220/184805.360:ERROR:process_reader_win.cc(242)] ReadMemory at 0x7ff6bb040000 of 64 bytes failed: 仅完成部分的 ReadProcessMemory 或 WriteProcessMemory 请求。 (0x12B)
[1220/184805.360:WARNING:pe_image_reader.cc(302)] could not read dos header from C:\Program Files (x86)\Google\Chrome\Application\chrome.exe
[1220/184805.360:ERROR:process_reader_win.cc(242)] ReadMemory at 0x7ff963040000 of 64 bytes failed: 仅完成部分的 ReadProcessMemory 或 WriteProcessMemory 请求。 (0x12B)
[1220/184805.360:WARNING:pe_image_reader.cc(302)] could not read dos header from C:\WINDOWS\SYSTEM32\ntdll.dll
[1220/184805.360:ERROR:process_reader_win.cc(242)] ReadMemory at 0x7ff9606f0000 of 64 bytes failed: 仅完成部分的 ReadProcessMemory 或 WriteProcessMemory 请求。 (0x12B)
[1220/184805.360:WARNING:pe_image_reader.cc(302)] could not read dos header from C:\WINDOWS\System32\KERNEL32.DLL
[1220/184805.360:ERROR:process_reader_win.cc(242)] ReadMemory at 0x7ff95f410000 of 64 bytes failed: 仅完成部分的 ReadProcessMemory 或 WriteProcessMemory 请求。 (0x12B)
[1220/184805.360:WARNING:pe_image_reader.cc(302)] could not read dos header from C:\WINDOWS\System32\KERNELBASE.dll
[1220/184805.360:ERROR:process_reader_win.cc(242)] ReadMemory at 0x7ff95d780000 of 64 bytes failed: 仅完成部分的 ReadProcessMemory 或 WriteProcessMemory 请求。 (0x12B)
[1220/184805.360:WARNING:pe_image_reader.cc(302)] could not read dos header from C:\WINDOWS\SYSTEM32\apphelp.dll
[1220/184805.360:ERROR:process_reader_win.cc(242)] ReadMemory at 0x7ff962a60000 of 64 bytes failed: 仅完成部分的 ReadProcessMemory 或 WriteProcessMemory 请求。 (0x12B)
[1220/184805.360:WARNING:pe_image_reader.cc(302)] could not read dos header from C:\WINDOWS\System32\ADVAPI32.dll
[1220/184805.360:ERROR:process_reader_win.cc(242)] ReadMemory at 0x7ff9604d0000 of 64 bytes failed: 仅完成部分的 ReadProcessMemory 或 WriteProcessMemory 请求。 (0x12B)
[1220/184805.360:WARNING:pe_image_reader.cc(302)] could not read dos header from C:\WINDOWS\System32\msvcrt.dll
[1220/184805.360:ERROR:process_reader_win.cc(242)] ReadMemory at 0x7ff960660000 of 64 bytes failed: 仅完成部分的 ReadProcessMemory 或 WriteProcessMemory 请求。 (0x12B)
[1220/184805.360:WARNING:pe_image_reader.cc(302)] could not read dos header from C:\WINDOWS\System32\sechost.dll
[1220/184805.360:ERROR:process_reader_win.cc(242)] ReadMemory at 0x7ff960af0000 of 64 bytes failed: 仅完成部分的 ReadProcessMemory 或 WriteProcessMemory 请求。 (0x12B)
[1220/184805.360:WARNING:pe_image_reader.cc(302)] could not read dos header from C:\WINDOWS\System32\RPCRT4.dll
[1220/184805.360:ERROR:process_reader_win.cc(242)] ReadMemory at 0x7ff962ed0000 of 64 bytes failed: 仅完成部分的 ReadProcessMemory 或 WriteProcessMemory 请求。 (0x12B)
[1220/184805.360:WARNING:pe_image_reader.cc(302)] could not read dos header from C:\WINDOWS\System32\PSAPI.DLL
[1220/184805.360:ERROR:process_reader_win.cc(242)] ReadMemory at 0x7ff960cc0000 of 64 bytes failed: 仅完成部分的 ReadProcessMemory 或 WriteProcessMemory 请求。 (0x12B)
[1220/184805.360:WARNING:pe_image_reader.cc(302)] could not read dos header from C:\WINDOWS\System32\SHELL32.dll
[1220/184805.360:ERROR:process_reader_win.cc(242)] ReadMemory at 0x7ff95f690000 of 64 bytes failed: 仅完成部分的 ReadProcessMemory 或 WriteProcessMemory 请求。 (0x12B)
[1220/184805.360:WARNING:pe_image_reader.cc(302)] could not read dos header from C:\WINDOWS\System32\cfgmgr32.dll
[1220/184805.360:ERROR:process_reader_win.cc(242)] ReadMemory at 0x7ff95fc40000 of 64 bytes failed: 仅完成部分的 ReadProcessMemory 或 WriteProcessMemory 请求。 (0x12B)
[1220/184805.360:WARNING:pe_image_reader.cc(302)] could not read dos header from C:\WINDOWS\System32\ucrtbase.dll
[1220/184805.361:ERROR:process_reader_win.cc(242)] ReadMemory at 0x7ff962ee0000 of 64 bytes failed: 仅完成部分的 ReadProcessMemory 或 WriteProcessMemory 请求。 (0x12B)
[1220/184805.361:WARNING:pe_image_reader.cc(302)] could not read dos header from C:\WINDOWS\System32\shcore.dll
[1220/184805.361:ERROR:process_reader_win.cc(242)] ReadMemory at 0x7ff962ba0000 of 64 bytes failed: 仅完成部分的 ReadProcessMemory 或 WriteProcessMemory 请求。 (0x12B)
[1220/184805.361:WARNING:pe_image_reader.cc(302)] could not read dos header from C:\WINDOWS\System32\combase.dll
[1220/184805.361:ERROR:process_reader_win.cc(242)] ReadMemory at 0x7ff960450000 of 64 bytes failed: 仅完成部分的 ReadProcessMemory 或 WriteProcessMemory 请求。 (0x12B)
[1220/184805.361:WARNING:pe_image_reader.cc(302)] could not read dos header from C:\WINDOWS\System32\bcryptPrimitives.dll
[1220/184805.361:ERROR:process_reader_win.cc(242)] ReadMemory at 0x7ff95fd40000 of 64 bytes failed: 仅完成部分的 ReadProcessMemory 或 WriteProcessMemory 请求。 (0x12B)
[1220/184805.361:WARNING:pe_image_reader.cc(302)] could not read dos header from C:\WINDOWS\System32\windows.storage.dll
[1220/184805.361:ERROR:process_reader_win.cc(242)] ReadMemory at 0x7ff962100000 of 64 bytes failed: 仅完成部分的 ReadProcessMemory 或 WriteProcessMemory 请求。 (0x12B)
[1220/184805.361:WARNING:pe_image_reader.cc(302)] could not read dos header from C:\WINDOWS\System32\shlwapi.dll
[1220/184805.361:ERROR:process_reader_win.cc(242)] ReadMemory at 0x7ff9629d0000 of 64 bytes failed: 仅完成部分的 ReadProcessMemory 或 WriteProcessMemory 请求。 (0x12B)
[1220/184805.361:WARNING:pe_image_reader.cc(302)] could not read dos header from C:\WINDOWS\System32\GDI32.dll
[1220/184805.361:ERROR:process_reader_win.cc(242)] ReadMemory at 0x7ff95f740000 of 64 bytes failed: 仅完成部分的 ReadProcessMemory 或 WriteProcessMemory 请求。 (0x12B)
[1220/184805.361:WARNING:pe_image_reader.cc(302)] could not read dos header from C:\WINDOWS\System32\gdi32full.dll
[1220/184805.361:ERROR:process_reader_win.cc(242)] ReadMemory at 0x7ff95f9b0000 of 64 bytes failed: 仅完成部分的 ReadProcessMemory 或 WriteProcessMemory 请求。 (0x12B)
[1220/184805.361:WARNING:pe_image_reader.cc(302)] could not read dos header from C:\WINDOWS\System32\msvcp_win.dll
[1220/184805.361:ERROR:process_reader_win.cc(242)] ReadMemory at 0x7ff962160000 of 64 bytes failed: 仅完成部分的 ReadProcessMemory 或 WriteProcessMemory 请求。 (0x12B)
[1220/184805.361:WARNING:pe_image_reader.cc(302)] could not read dos header from C:\WINDOWS\System32\USER32.dll
[1220/184805.361:ERROR:process_reader_win.cc(242)] ReadMemory at 0x7ff95f8e0000 of 64 bytes failed: 仅完成部分的 ReadProcessMemory 或 WriteProcessMemory 请求。 (0x12B)
[1220/184805.361:WARNING:pe_image_reader.cc(302)] could not read dos header from C:\WINDOWS\System32\win32u.dll
[1220/184805.361:ERROR:process_reader_win.cc(242)] ReadMemory at 0x7ff95f3f0000 of 64 bytes failed: 仅完成部分的 ReadProcessMemory 或 WriteProcessMemory 请求。 (0x12B)
[1220/184805.361:WARNING:pe_image_reader.cc(302)] could not read dos header from C:\WINDOWS\System32\kernel.appcore.dll
[1220/184805.361:ERROR:process_reader_win.cc(242)] ReadMemory at 0x7ff95f3d0000 of 64 bytes failed: 仅完成部分的 ReadProcessMemory 或 WriteProcessMemory 请求。 (0x12B)
[1220/184805.361:WARNING:pe_image_reader.cc(302)] could not read dos header from C:\WINDOWS\System32\profapi.dll
[1220/184805.361:ERROR:process_reader_win.cc(242)] ReadMemory at 0x7ff95f370000 of 64 bytes failed: 仅完成部分的 ReadProcessMemory 或 WriteProcessMemory 请求。 (0x12B)
[1220/184805.361:WARNING:pe_image_reader.cc(302)] could not read dos header from C:\WINDOWS\System32\powrprof.dll
[1220/184805.361:ERROR:process_reader_win.cc(242)] ReadMemory at 0x7ff95f3c0000 of 64 bytes failed: 仅完成部分的 ReadProcessMemory 或 WriteProcessMemory 请求。 (0x12B)
[1220/184805.361:WARNING:pe_image_reader.cc(302)] could not read dos header from C:\WINDOWS\System32\FLTLIB.DLL
[1220/184805.361:ERROR:process_reader_win.cc(242)] ReadMemory at 0x7ff9522d0000 of 64 bytes failed: 仅完成部分的 ReadProcessMemory 或 WriteProcessMemory 请求。 (0x12B)
[1220/184805.361:WARNING:pe_image_reader.cc(302)] could not read dos header from C:\Program Files (x86)\Google\Chrome\Application\66.0.3359.139\chrome_elf.dll
[1220/184805.361:ERROR:process_reader_win.cc(242)] ReadMemory at 0x7ff94fc50000 of 64 bytes failed: 仅完成部分的 ReadProcessMemory 或 WriteProcessMemory 请求。 (0x12B)
[1220/184805.361:WARNING:pe_image_reader.cc(302)] could not read dos header from C:\WINDOWS\SYSTEM32\VERSION.dll
[1220/184805.361:ERROR:process_reader_win.cc(242)] ReadMemory at 0x7ff95d150000 of 64 bytes failed: 仅完成部分的 ReadProcessMemory 或 WriteProcessMemory 请求。 (0x12B)
[1220/184805.361:WARNING:pe_image_reader.cc(302)] could not read dos header from C:\WINDOWS\SYSTEM32\WINMM.dll
[1220/184805.361:ERROR:process_reader_win.cc(242)] ReadMemory at 0x7ff95f280000 of 64 bytes failed: 仅完成部分的 ReadProcessMemory 或 WriteProcessMemory 请求。 (0x12B)
[1220/184805.361:WARNING:pe_image_reader.cc(302)] could not read dos header from C:\WINDOWS\SYSTEM32\USERENV.dll
[1220/184805.361:ERROR:process_reader_win.cc(242)] ReadMemory at 0x7ff9591b0000 of 64 bytes failed: 仅完成部分的 ReadProcessMemory 或 WriteProcessMemory 请求。 (0x12B)
[1220/184805.361:WARNING:pe_image_reader.cc(302)] could not read dos header from C:\WINDOWS\SYSTEM32\WINHTTP.dll
[1220/184805.361:ERROR:process_reader_win.cc(242)] ReadMemory at 0x7ff95d120000 of 64 bytes failed: 仅完成部分的 ReadProcessMemory 或 WriteProcessMemory 请求。 (0x12B)
[1220/184805.361:WARNING:pe_image_reader.cc(302)] could not read dos header from C:\WINDOWS\SYSTEM32\WINMMBASE.dll
[1220/184805.361:ERROR:process_reader_win.cc(242)] ReadMemory at 0x7ff95ed00000 of 64 bytes failed: 仅完成部分的 ReadProcessMemory 或 WriteProcessMemory 请求。 (0x12B)
[1220/184805.361:WARNING:pe_image_reader.cc(302)] could not read dos header from C:\WINDOWS\SYSTEM32\CRYPTBASE.DLL
[1220/184805.361:ERROR:process_reader_win.cc(242)] ReadMemory at 0x7ff9606c0000 of 64 bytes failed: 仅完成部分的 ReadProcessMemory 或 WriteProcessMemory 请求。 (0x12B)
[1220/184805.361:WARNING:pe_image_reader.cc(302)] could not read dos header from C:\WINDOWS\System32\IMM32.DLL
[1220/184805.361:ERROR:process_reader_win.cc(242)] ReadMemory at 0x7ff911940000 of 64 bytes failed: 仅完成部分的 ReadProcessMemory 或 WriteProcessMemory 请求。 (0x12B)
[1220/184805.361:WARNING:pe_image_reader.cc(302)] could not read dos header from C:\Program Files (x86)\Google\Chrome\Application\66.0.3359.139\chrome_child.dll
[1220/184805.361:ERROR:process_reader_win.cc(242)] ReadMemory at 0x7ff9622f0000 of 64 bytes failed: 仅完成部分的 ReadProcessMemory 或 WriteProcessMemory 请求。 (0x12B)
[1220/184805.361:WARNING:pe_image_reader.cc(302)] could not read dos header from C:\WINDOWS\System32\COMDLG32.dll
[1220/184805.361:ERROR:process_reader_win.cc(242)] ReadMemory at 0x7ff960990000 of 64 bytes failed: 仅完成部分的 ReadProcessMemory 或 WriteProcessMemory 请求。 (0x12B)
[1220/184805.361:WARNING:pe_image_reader.cc(302)] could not read dos header from C:\WINDOWS\System32\ole32.dll
[1220/184805.361:ERROR:process_reader_win.cc(242)] ReadMemory at 0x7ff960580000 of 64 bytes failed: 仅完成部分的 ReadProcessMemory 或 WriteProcessMemory 请求。 (0x12B)
[1220/184805.361:WARNING:pe_image_reader.cc(302)] could not read dos header from C:\WINDOWS\System32\OLEAUT32.dll
[1220/184805.362:ERROR:process_reader_win.cc(242)] ReadMemory at 0x7ff962b10000 of 64 bytes failed: 仅完成部分的 ReadProcessMemory 或 WriteProcessMemory 请求。 (0x12B)
[1220/184805.362:WARNING:pe_image_reader.cc(302)] could not read dos header from C:\WINDOWS\System32\WS2_32.dll
[1220/184805.362:ERROR:process_reader_win.cc(242)] ReadMemory at 0x7ff95f6e0000 of 64 bytes failed: 仅完成部分的 ReadProcessMemory 或 WriteProcessMemory 请求。 (0x12B)
[1220/184805.362:WARNING:pe_image_reader.cc(302)] could not read dos header from C:\WINDOWS\System32\WINTRUST.dll
[1220/184805.362:ERROR:process_reader_win.cc(242)] ReadMemory at 0x7ff95f350000 of 64 bytes failed: 仅完成部分的 ReadProcessMemory 或 WriteProcessMemory 请求。 (0x12B)
[1220/184805.362:WARNING:pe_image_reader.cc(302)] could not read dos header from C:\WINDOWS\System32\MSASN1.dll
[1220/184805.362:ERROR:process_reader_win.cc(242)] ReadMemory at 0x7ff95fa50000 of 64 bytes failed: 仅完成部分的 ReadProcessMemory 或 WriteProcessMemory 请求。 (0x12B)
[1220/184805.362:WARNING:pe_image_reader.cc(302)] could not read dos header from C:\WINDOWS\System32\CRYPT32.dll
[1220/184805.362:ERROR:process_reader_win.cc(242)] ReadMemory at 0x7ff94c000000 of 64 bytes failed: 仅完成部分的 ReadProcessMemory 或 WriteProcessMemory 请求。 (0x12B)
[1220/184805.362:WARNING:pe_image_reader.cc(302)] could not read dos header from C:\WINDOWS\WinSxS\amd64_microsoft.windows.common-controls_6595b64144ccf1df_6.0.17134.345_none_fb429a5930656358\COMCTL32.dll
[1220/184805.362:ERROR:process_reader_win.cc(242)] ReadMemory at 0x7ff94f380000 of 64 bytes failed: 仅完成部分的 ReadProcessMemory 或 WriteProcessMemory 请求。 (0x12B)
[1220/184805.362:WARNING:pe_image_reader.cc(302)] could not read dos header from C:\WINDOWS\SYSTEM32\Secur32.dll
[1220/184805.362:ERROR:process_reader_win.cc(242)] ReadMemory at 0x7ff94ef90000 of 64 bytes failed: 仅完成部分的 ReadProcessMemory 或 WriteProcessMemory 请求。 (0x12B)
[1220/184805.362:WARNING:pe_image_reader.cc(302)] could not read dos header from C:\WINDOWS\SYSTEM32\dbghelp.dll
[1220/184805.362:ERROR:process_reader_win.cc(242)] ReadMemory at 0x7ff956610000 of 64 bytes failed: 仅完成部分的 ReadProcessMemory 或 WriteProcessMemory 请求。 (0x12B)
[1220/184805.362:WARNING:pe_image_reader.cc(302)] could not read dos header from C:\WINDOWS\SYSTEM32\USP10.dll
[1220/184805.362:ERROR:process_reader_win.cc(242)] ReadMemory at 0x7ff956490000 of 64 bytes failed: 仅完成部分的 ReadProcessMemory 或 WriteProcessMemory 请求。 (0x12B)
[1220/184805.362:WARNING:pe_image_reader.cc(302)] could not read dos header from C:\WINDOWS\SYSTEM32\WINSPOOL.DRV
[1220/184805.362:ERROR:process_reader_win.cc(242)] ReadMemory at 0x7ff95e8d0000 of 64 bytes failed: 仅完成部分的 ReadProcessMemory 或 WriteProcessMemory 请求。 (0x12B)
[1220/184805.362:WARNING:pe_image_reader.cc(302)] could not read dos header from C:\WINDOWS\SYSTEM32\IPHLPAPI.DLL
[1220/184805.362:ERROR:process_reader_win.cc(242)] ReadMemory at 0x7ff953950000 of 64 bytes failed: 仅完成部分的 ReadProcessMemory 或 WriteProcessMemory 请求。 (0x12B)
[1220/184805.362:WARNING:pe_image_reader.cc(302)] could not read dos header from C:\WINDOWS\SYSTEM32\urlmon.dll
[1220/184805.362:ERROR:process_reader_win.cc(242)] ReadMemory at 0x7ff953630000 of 64 bytes failed: 仅完成部分的 ReadProcessMemory 或 WriteProcessMemory 请求。 (0x12B)
[1220/184805.362:WARNING:pe_image_reader.cc(302)] could not read dos header from C:\WINDOWS\SYSTEM32\DWrite.dll
[1220/184805.362:ERROR:process_reader_win.cc(242)] ReadMemory at 0x7ff95e0f0000 of 64 bytes failed: 仅完成部分的 ReadProcessMemory 或 WriteProcessMemory 请求。 (0x12B)
[1220/184805.362:WARNING:pe_image_reader.cc(302)] could not read dos header from C:\WINDOWS\SYSTEM32\dxgi.dll
[1220/184805.362:ERROR:process_reader_win.cc(242)] ReadMemory at 0x7ff956540000 of 64 bytes failed: 仅完成部分的 ReadProcessMemory 或 WriteProcessMemory 请求。 (0x12B)
[1220/184805.362:WARNING:pe_image_reader.cc(302)] could not read dos header from C:\WINDOWS\SYSTEM32\dhcpcsvc.DLL
[1220/184805.362:ERROR:process_reader_win.cc(242)] ReadMemory at 0x7ff960650000 of 64 bytes failed: 仅完成部分的 ReadProcessMemory 或 WriteProcessMemory 请求。 (0x12B)
[1220/184805.362:WARNING:pe_image_reader.cc(302)] could not read dos header from C:\WINDOWS\System32\NSI.dll
[1220/184805.362:ERROR:process_reader_win.cc(242)] ReadMemory at 0x7ff95be00000 of 64 bytes failed: 仅完成部分的 ReadProcessMemory 或 WriteProcessMemory 请求。 (0x12B)
[1220/184805.362:WARNING:pe_image_reader.cc(302)] could not read dos header from C:\WINDOWS\SYSTEM32\PROPSYS.dll
[1220/184805.362:ERROR:process_reader_win.cc(242)] ReadMemory at 0x7ff95ee30000 of 64 bytes failed: 仅完成部分的 ReadProcessMemory 或 WriteProcessMemory 请求。 (0x12B)
[1220/184805.362:WARNING:pe_image_reader.cc(302)] could not read dos header from C:\WINDOWS\SYSTEM32\bcrypt.dll
[1220/184805.362:ERROR:process_reader_win.cc(242)] ReadMemory at 0x7ff953fd0000 of 64 bytes failed: 仅完成部分的 ReadProcessMemory 或 WriteProcessMemory 请求。 (0x12B)
[1220/184805.362:WARNING:pe_image_reader.cc(302)] could not read dos header from C:\WINDOWS\SYSTEM32\iertutil.dll
[1220/184805.362:ERROR:process_reader_win.cc(242)] ReadMemory at 0x7ff95f250000 of 64 bytes failed: 仅完成部分的 ReadProcessMemory 或 WriteProcessMemory 请求。 (0x12B)
[1220/184805.363:WARNING:pe_image_reader.cc(302)] could not read dos header from C:\WINDOWS\SYSTEM32\SSPICLI.DLL
[1220/184805.374:ERROR:process_reader_win.cc(242)] ReadMemory at 0xb4a7dfb000 of 20480 bytes failed: 仅完成部分的 ReadProcessMemory 或 WriteProcessMemory 请求。 (0x12B)
[1220/184805.374:ERROR:crash_report_exception_handler.cc(116)] WriteEverything failed
[1220/184805.375:ERROR:scoped_process_suspend.cc(40)] NtResumeProcess: 已尝试访问正在退出的过程。 (0xc000010a)
[0124/120039.977:ERROR:prune_crash_reports.cc(34)] PruneCrashReportDatabase: Failed to get pending reports
[0124/120110.064:ERROR:prune_crash_reports.cc(34)] PruneCrashReportDatabase: Failed to get pending reports
